[debug] [2023-06-22T12:40:41.095Z] ----------------------------------------------------------------------
[debug] [2023-06-22T12:40:41.098Z] Command:       C:\Program Files\nodejs\node.exe C:\Users\Hp\AppData\Roaming\npm\node_modules\firebase-tools\lib\bin\firebase.js init hosting
[debug] [2023-06-22T12:40:41.098Z] CLI Version:   12.4.0
[debug] [2023-06-22T12:40:41.099Z] Platform:      win32
[debug] [2023-06-22T12:40:41.099Z] Node Version:  v16.15.1
[debug] [2023-06-22T12:40:41.106Z] Time:          Thu Jun 22 2023 18:25:41 GMT+0545 (Nepal Time)
[debug] [2023-06-22T12:40:41.106Z] ----------------------------------------------------------------------
[debug] 
[debug] [2023-06-22T12:40:41.116Z] >>> [apiv2][query] GET https://firebase-public.firebaseio.com/cli.json [none]
[debug] [2023-06-22T12:40:41.150Z] > command requires scopes: ["email","openid","https://www.googleapis.com/auth/cloudplatformprojects.readonly","https://www.googleapis.com/auth/firebase","https://www.googleapis.com/auth/cloud-platform"]
[debug] [2023-06-22T12:40:41.151Z] > authorizing via signed-in user (mkchauhan647@gmail.com)
[info] 
     ######## #### ########  ######## ########     ###     ######  ########
     ##        ##  ##     ## ##       ##     ##  ##   ##  ##       ##
     ######    ##  ########  ######   ########  #########  ######  ######
     ##        ##  ##    ##  ##       ##     ## ##     ##       ## ##
     ##       #### ##     ## ######## ########  ##     ##  ######  ########

You're about to initialize a Firebase project in this directory:

  D:\vscode\htmlpractice

[debug] [2023-06-22T12:40:41.887Z] <<< [apiv2][status] GET https://firebase-public.firebaseio.com/cli.json 200
[debug] [2023-06-22T12:40:41.888Z] <<< [apiv2][body] GET https://firebase-public.firebaseio.com/cli.json {"cloudBuildErrorAfter":1594252800000,"cloudBuildWarnAfter":1590019200000,"defaultNode10After":1594252800000,"minVersion":"3.0.5","node8DeploysDisabledAfter":1613390400000,"node8RuntimeDisabledAfter":1615809600000,"node8WarnAfter":1600128000000}
[info] 
=== Project Setup
[info] 
[info] First, let's associate this project directory with a Firebase project.
[info] You can create multiple project aliases by running firebase use --add, 
[info] but for now we'll just set up a default project.
[info] 
[info] i  If you want to create a project in a Google Cloud organization or folder, please use "firebase projects:create" instead, and return to this command when you've created the project. 
[debug] [2023-06-22T12:41:42.292Z] > refreshing access token with scopes: []
[debug] [2023-06-22T12:41:42.295Z] >>> [apiv2][query] POST https://www.googleapis.com/oauth2/v3/token [none]
[debug] [2023-06-22T12:41:42.295Z] >>> [apiv2][body] POST https://www.googleapis.com/oauth2/v3/token [omitted]
[debug] [2023-06-22T12:41:42.584Z] <<< [apiv2][status] POST https://www.googleapis.com/oauth2/v3/token 200
[debug] [2023-06-22T12:41:42.585Z] <<< [apiv2][body] POST https://www.googleapis.com/oauth2/v3/token [omitted]
[debug] [2023-06-22T12:41:42.610Z] >>> [apiv2][query] POST https://cloudresourcemanager.googleapis.com/v1/projects [none]
[debug] [2023-06-22T12:41:42.610Z] >>> [apiv2][body] POST https://cloudresourcemanager.googleapis.com/v1/projects {"projectId":"firebaselocally","name":"firebaselocally"}
[debug] [2023-06-22T12:41:45.128Z] <<< [apiv2][status] POST https://cloudresourcemanager.googleapis.com/v1/projects 200
[debug] [2023-06-22T12:41:45.128Z] <<< [apiv2][body] POST https://cloudresourcemanager.googleapis.com/v1/projects {"name":"operations/cp.7272209594901969883"}
[debug] [2023-06-22T12:41:45.131Z] >>> [apiv2][query] GET https://cloudresourcemanager.googleapis.com/v1/operations/cp.7272209594901969883 [none]
[debug] [2023-06-22T12:41:46.923Z] <<< [apiv2][status] GET https://cloudresourcemanager.googleapis.com/v1/operations/cp.7272209594901969883 200
[debug] [2023-06-22T12:41:46.923Z] <<< [apiv2][body] GET https://cloudresourcemanager.googleapis.com/v1/operations/cp.7272209594901969883 {"name":"operations/cp.7272209594901969883"}
[debug] [2023-06-22T12:41:47.427Z] [Project Creation Poller] Retrying task index 0
[debug] [2023-06-22T12:41:47.428Z] >>> [apiv2][query] GET https://cloudresourcemanager.googleapis.com/v1/operations/cp.7272209594901969883 [none]
[debug] [2023-06-22T12:41:49.289Z] <<< [apiv2][status] GET https://cloudresourcemanager.googleapis.com/v1/operations/cp.7272209594901969883 200
[debug] [2023-06-22T12:41:49.290Z] <<< [apiv2][body] GET https://cloudresourcemanager.googleapis.com/v1/operations/cp.7272209594901969883 {"name":"operations/cp.7272209594901969883","metadata":{"@type":"type.googleapis.com/google.cloudresourcemanager.v1.ProjectCreationStatus","gettable":true,"ready":true},"done":true,"response":{"@type":"type.googleapis.com/google.cloudresourcemanager.v1.Project","projectNumber":"813418300128","projectId":"firebaselocally","lifecycleState":"ACTIVE","name":"firebaselocally","createTime":"2023-06-22T12:41:46.646Z"}}
[debug] [2023-06-22T12:41:49.295Z] >>> [apiv2][query] POST https://firebase.googleapis.com/v1beta1/projects/firebaselocally:addFirebase [none]
[debug] [2023-06-22T12:41:53.250Z] <<< [apiv2][status] POST https://firebase.googleapis.com/v1beta1/projects/firebaselocally:addFirebase 200
[debug] [2023-06-22T12:41:53.251Z] <<< [apiv2][body] POST https://firebase.googleapis.com/v1beta1/projects/firebaselocally:addFirebase {"name":"operations/workflows/MmU1MDY4MDctODlmNi00ODgwLWIwZWQtODEwMWQ5Y2U1ZDA3"}
[debug] [2023-06-22T12:41:53.251Z] >>> [apiv2][query] GET https://firebase.googleapis.com/v1beta1/operations/workflows/MmU1MDY4MDctODlmNi00ODgwLWIwZWQtODEwMWQ5Y2U1ZDA3 [none]
[debug] [2023-06-22T12:41:54.295Z] <<< [apiv2][status] GET https://firebase.googleapis.com/v1beta1/operations/workflows/MmU1MDY4MDctODlmNi00ODgwLWIwZWQtODEwMWQ5Y2U1ZDA3 200
[debug] [2023-06-22T12:41:54.296Z] <<< [apiv2][body] GET https://firebase.googleapis.com/v1beta1/operations/workflows/MmU1MDY4MDctODlmNi00ODgwLWIwZWQtODEwMWQ5Y2U1ZDA3 {"name":"operations/workflows/MmU1MDY4MDctODlmNi00ODgwLWIwZWQtODEwMWQ5Y2U1ZDA3"}
[debug] [2023-06-22T12:41:54.804Z] [Add Firebase Poller] Retrying task index 0
[debug] [2023-06-22T12:41:54.805Z] >>> [apiv2][query] GET https://firebase.googleapis.com/v1beta1/operations/workflows/MmU1MDY4MDctODlmNi00ODgwLWIwZWQtODEwMWQ5Y2U1ZDA3 [none]
[debug] [2023-06-22T12:41:55.732Z] <<< [apiv2][status] GET https://firebase.googleapis.com/v1beta1/operations/workflows/MmU1MDY4MDctODlmNi00ODgwLWIwZWQtODEwMWQ5Y2U1ZDA3 200
[debug] [2023-06-22T12:41:55.732Z] <<< [apiv2][body] GET https://firebase.googleapis.com/v1beta1/operations/workflows/MmU1MDY4MDctODlmNi00ODgwLWIwZWQtODEwMWQ5Y2U1ZDA3 {"name":"operations/workflows/MmU1MDY4MDctODlmNi00ODgwLWIwZWQtODEwMWQ5Y2U1ZDA3"}
[debug] [2023-06-22T12:41:56.739Z] [Add Firebase Poller] Retrying task index 0
[debug] [2023-06-22T12:41:56.739Z] >>> [apiv2][query] GET https://firebase.googleapis.com/v1beta1/operations/workflows/MmU1MDY4MDctODlmNi00ODgwLWIwZWQtODEwMWQ5Y2U1ZDA3 [none]
[debug] [2023-06-22T12:41:57.707Z] <<< [apiv2][status] GET https://firebase.googleapis.com/v1beta1/operations/workflows/MmU1MDY4MDctODlmNi00ODgwLWIwZWQtODEwMWQ5Y2U1ZDA3 200
[debug] [2023-06-22T12:41:57.708Z] <<< [apiv2][body] GET https://firebase.googleapis.com/v1beta1/operations/workflows/MmU1MDY4MDctODlmNi00ODgwLWIwZWQtODEwMWQ5Y2U1ZDA3 {"name":"operations/workflows/MmU1MDY4MDctODlmNi00ODgwLWIwZWQtODEwMWQ5Y2U1ZDA3"}
[debug] [2023-06-22T12:41:59.722Z] [Add Firebase Poller] Retrying task index 0
[debug] [2023-06-22T12:41:59.723Z] >>> [apiv2][query] GET https://firebase.googleapis.com/v1beta1/operations/workflows/MmU1MDY4MDctODlmNi00ODgwLWIwZWQtODEwMWQ5Y2U1ZDA3 [none]
[debug] [2023-06-22T12:42:01.262Z] <<< [apiv2][status] GET https://firebase.googleapis.com/v1beta1/operations/workflows/MmU1MDY4MDctODlmNi00ODgwLWIwZWQtODEwMWQ5Y2U1ZDA3 200
[debug] [2023-06-22T12:42:01.262Z] <<< [apiv2][body] GET https://firebase.googleapis.com/v1beta1/operations/workflows/MmU1MDY4MDctODlmNi00ODgwLWIwZWQtODEwMWQ5Y2U1ZDA3 {"name":"operations/workflows/MmU1MDY4MDctODlmNi00ODgwLWIwZWQtODEwMWQ5Y2U1ZDA3"}
[debug] [2023-06-22T12:42:05.274Z] [Add Firebase Poller] Retrying task index 0
[debug] [2023-06-22T12:42:05.275Z] >>> [apiv2][query] GET https://firebase.googleapis.com/v1beta1/operations/workflows/MmU1MDY4MDctODlmNi00ODgwLWIwZWQtODEwMWQ5Y2U1ZDA3 [none]
[debug] [2023-06-22T12:42:06.075Z] <<< [apiv2][status] GET https://firebase.googleapis.com/v1beta1/operations/workflows/MmU1MDY4MDctODlmNi00ODgwLWIwZWQtODEwMWQ5Y2U1ZDA3 200
[debug] [2023-06-22T12:42:06.075Z] <<< [apiv2][body] GET https://firebase.googleapis.com/v1beta1/operations/workflows/MmU1MDY4MDctODlmNi00ODgwLWIwZWQtODEwMWQ5Y2U1ZDA3 {"name":"operations/workflows/MmU1MDY4MDctODlmNi00ODgwLWIwZWQtODEwMWQ5Y2U1ZDA3","done":true,"response":{"@type":"type.googleapis.com/google.firebase.service.v1beta1.FirebaseProject","projectId":"firebaselocally","projectNumber":"813418300128","displayName":"firebaselocally","name":"projects/firebaselocally","resources":{"hostingSite":"fir-locally"}}}
[info] 
[info] === Your Firebase project is ready! ===
[info] 
[info] Project information:
[info]    - Project ID: firebaselocally
[info]    - Project Name: firebaselocally
[info] 
[info] Firebase console is available at
[info] https://console.firebase.google.com/project/firebaselocally/overview
[info] i  Using project firebaselocally (firebaselocally) 
[info] 
=== Hosting Setup
[info] 
[info] Your public directory is the folder (relative to your project directory) that
[info] will contain Hosting assets to be uploaded with firebase deploy. If you
[info] have a build process for your assets, use your build's output directory.
[info] 
[debug] [2023-06-22T12:42:42.393Z] >>> [apiv2][query] GET https://www.gstatic.com/firebasejs/releases.json [none]
[debug] [2023-06-22T12:42:42.575Z] <<< [apiv2][status] GET https://www.gstatic.com/firebasejs/releases.json 200
[debug] [2023-06-22T12:42:42.576Z] <<< [apiv2][body] GET https://www.gstatic.com/firebasejs/releases.json {"current":{"version":"9.22.2","browserURL":"https://www.gstatic.com/firebasejs/9.22.2/firebase.js","packageURL":"https://www.gstatic.com/firebasejs/9.22.2/firebase.tgz"},"live":{"version":"9.22","browserURL":"https://www.gstatic.com/firebasejs/live/9.22/firebase.js","packageURL":"https://www.gstatic.com/firebasejs/live/9.22/firebase.tgz"},"components":{"analytics":"https://www.gstatic.com/firebasejs/9.22.2/firebase-analytics.js","app":"https://www.gstatic.com/firebasejs/9.22.2/firebase-app.js","app-check":"https://www.gstatic.com/firebasejs/9.22.2/firebase-app-check.js","auth":"https://www.gstatic.com/firebasejs/9.22.2/firebase-auth.js","auth/cordova":"https://www.gstatic.com/firebasejs/9.22.2/firebase-auth/cordova.js","auth/react-native":"https://www.gstatic.com/firebasejs/9.22.2/firebase-auth/react-native.js","functions":"https://www.gstatic.com/firebasejs/9.22.2/firebase-functions.js","firestore":"https://www.gstatic.com/firebasejs/9.22.2/firebase-firestore.js","firestore/lite":"https://www.gstatic.com/firebasejs/9.22.2/firebase-firestore/lite.js","installations":"https://www.gstatic.com/firebasejs/9.22.2/firebase-installations.js","storage":"https://www.gstatic.com/firebasejs/9.22.2/firebase-storage.js","performance":"https://www.gstatic.com/firebasejs/9.22.2/firebase-performance.js","remote-config":"https://www.gstatic.com/firebasejs/9.22.2/firebase-remote-config.js","messaging":"https://www.gstatic.com/firebasejs/9.22.2/firebase-messaging.js","messaging/sw":"https://www.gstatic.com/firebasejs/9.22.2/firebase-messaging/sw.js","database":"https://www.gstatic.com/firebasejs/9.22.2/firebase-database.js","firestore.memory":"https://www.gstatic.com/firebasejs/9.22.2/firebase-firestore.memory.js"}}
[info] +  Wrote public/index.html 
[info] 
[info] i  Didn't detect a .git folder. Assuming D:\vscode\htmlpractice is the project root. 
[info] i  Authorizing with GitHub to upload your service account to a GitHub repository's secrets store. 
[info] 
[info] Visit this URL on this device to log in:
[info] https://github.com/login/oauth/authorize?client_id=89cf50f02ac6aaed3484&state=1049621795&redirect_uri=http%3A%2F%2Flocalhost%3A9005&scope=read%3Auser%20repo%20public_repo
[info] 
[info] Waiting for authentication...
[debug] [2023-06-22T12:42:43.938Z] >>> [apiv2][query] POST https://github.com/login/oauth/access_token [none]
[debug] [2023-06-22T12:42:43.938Z] >>> [apiv2][body] POST https://github.com/login/oauth/access_token [stream]
[debug] [2023-06-22T12:42:44.577Z] <<< [apiv2][status] POST https://github.com/login/oauth/access_token 200
[debug] [2023-06-22T12:42:44.578Z] <<< [apiv2][body] POST https://github.com/login/oauth/access_token {"access_token":"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","token_type":"bearer","scope":"read:user,repo"}
[debug] [2023-06-22T12:42:44.603Z] >>> [apiv2][query] GET https://api.github.com/user [none]
[debug] [2023-06-22T12:42:45.289Z] <<< [apiv2][status] GET https://api.github.com/user 200
[debug] [2023-06-22T12:42:45.290Z] <<< [apiv2][body] GET https://api.github.com/user {"login":"mkchauhan647","id":44749661,"node_id":"MDQ6VXNlcjQ0NzQ5NjYx","avatar_url":"https://avatars.githubusercontent.com/u/44749661?v=4","gravatar_id":"","url":"https://api.github.com/users/mkchauhan647","html_url":"https://github.com/mkchauhan647","followers_url":"https://api.github.com/users/mkchauhan647/followers","following_url":"https://api.github.com/users/mkchauhan647/following{/other_user}","gists_url":"https://api.github.com/users/mkchauhan647/gists{/gist_id}","starred_url":"https://api.github.com/users/mkchauhan647/starred{/owner}{/repo}","subscriptions_url":"https://api.github.com/users/mkchauhan647/subscriptions","organizations_url":"https://api.github.com/users/mkchauhan647/orgs","repos_url":"https://api.github.com/users/mkchauhan647/repos","events_url":"https://api.github.com/users/mkchauhan647/events{/privacy}","received_events_url":"https://api.github.com/users/mkchauhan647/received_events","type":"User","site_admin":false,"name":"Manoj Kumar Chauhan","company":null,"blog":"","location":null,"email":null,"hireable":null,"bio":"I currently studying computer engineering at ERC\r\nC++  enthusiast - Artificial Intelligence\r\nBelieve in Practice...","twitter_username":null,"public_repos":14,"public_gists":0,"followers":6,"following":1,"created_at":"2018-11-04T14:59:10Z","updated_at":"2023-06-22T08:43:07Z","private_gists":0,"total_private_repos":5,"owned_private_repos":5,"disk_usage":19383,"collaborators":3,"two_factor_authentication":false,"plan":{"name":"pro","space":976562499,"collaborators":0,"private_repos":9999}}
[info] 
[info] +  Success! Logged into GitHub as mkchauhan647 
[info] 
[debug] [2023-06-22T12:43:23.367Z] >>> [apiv2][query] GET https://api.github.com/repos//actions/secrets/public-key type=owner
[debug] [2023-06-22T12:43:23.995Z] <<< [apiv2][status] GET https://api.github.com/repos//actions/secrets/public-key 404
[debug] [2023-06-22T12:43:23.996Z] <<< [apiv2][body] GET https://api.github.com/repos//actions/secrets/public-key {"message":"Not Found","documentation_url":"https://docs.github.com/rest"}
[info] 
[info] 
[error] !  The provided authorization cannot be used with this repository. If this repository is in an organization, did you remember to grant access? 
[info] 
[info] i  Action required: Visit this URL to ensure access has been granted to the appropriate organization(s) for the Firebase CLI GitHub OAuth App: 
[info] https://github.com/settings/connections/applications/89cf50f02ac6aaed3484
[info] 
